<?xml version="1.0" encoding="UTF-8"?>
<!-- Generated by org.testng.reporters.JUnitReportReporter -->
<testsuite hostname="VAIO" failures="0" tests="1" name="TestNG.TCProduct" time="28.121" errors="0" timestamp="2022-06-02T15:27:59 IST" skipped="0">
  <testcase classname="TestNG.TCProduct" name="validation" time="28.121"/>
  <system-out/>
</testsuite> <!-- TestNG.TCProduct -->
