<?xml version="1.0" encoding="UTF-8"?>
<!-- Generated by org.testng.reporters.JUnitReportReporter -->
<testsuite hostname="VAIO" failures="0" tests="1" name="com.sorcedemo.TESTcase.firstpageTestCase" time="34.517" errors="0" timestamp="2022-05-26T21:26:53 IST" skipped="0">
  <testcase classname="com.sorcedemo.TESTcase.firstpageTestCase" name="funca" time="34.517"/>
  <system-out/>
</testsuite> <!-- com.sorcedemo.TESTcase.firstpageTestCase -->
