<?xml version="1.0" encoding="UTF-8"?>
<!-- Generated by org.testng.reporters.JUnitReportReporter -->
<testsuite hostname="VAIO" failures="0" tests="5" name="TestNGkeywords.Enabled" time="0.009" errors="0" timestamp="2022-06-02T11:09:51 IST" skipped="1">
  <testcase classname="TestNGkeywords.Enabled" name="priority3" time="0.002"/>
  <system-out/>
  <testcase classname="TestNGkeywords.Enabled" name="priority1" time="0.003"/>
  <system-out/>
  <testcase classname="TestNGkeywords.Enabled" name="priority3" time="0.002"/>
  <system-out/>
  <testcase classname="TestNGkeywords.Enabled" name="priority3" time="0.002"/>
  <system-out/>
  <testcase classname="TestNGkeywords.Enabled" name="priority2">
    <skipped/>
  </testcase> <!-- priority2 -->
  <system-out/>
</testsuite> <!-- TestNGkeywords.Enabled -->
