<?xml version="1.0" encoding="UTF-8"?>
<!-- Generated by org.testng.reporters.JUnitReportReporter -->
<testsuite hostname="VAIO" failures="0" tests="6" name="TestNGkeywords.invocationCount" time="0.019" errors="0" timestamp="2022-06-02T11:09:50 IST" skipped="0">
  <testcase classname="TestNGkeywords.invocationCount" name="priority1" time="0.002"/>
  <system-out/>
  <testcase classname="TestNGkeywords.invocationCount" name="priority2" time="0.005"/>
  <system-out/>
  <testcase classname="TestNGkeywords.invocationCount" name="priority3" time="0.004"/>
  <system-out/>
  <testcase classname="TestNGkeywords.invocationCount" name="priority2" time="0.002"/>
  <system-out/>
  <testcase classname="TestNGkeywords.invocationCount" name="priority3" time="0.004"/>
  <system-out/>
  <testcase classname="TestNGkeywords.invocationCount" name="priority3" time="0.002"/>
  <system-out/>
</testsuite> <!-- TestNGkeywords.invocationCount -->
