<?xml version="1.0" encoding="UTF-8"?>
<!-- Generated by org.testng.reporters.JUnitReportReporter -->
<testsuite hostname="VAIO" failures="0" tests="2" name="TestNG.TestNG" time="0.018" errors="0" timestamp="2022-05-27T00:53:14 IST" skipped="0">
  <testcase classname="TestNG.TestNG" name="method2" time="0.016"/>
  <system-out/>
  <testcase classname="TestNG.TestNG" name="method1" time="0.002"/>
  <system-out/>
</testsuite> <!-- TestNG.TestNG -->
