<?xml version="1.0" encoding="UTF-8"?>
<!-- Generated by org.testng.reporters.JUnitReportReporter -->
<testsuite hostname="VAIO" failures="0" tests="12" name="pratice.Ketestkeyword" time="0.044" errors="0" timestamp="2022-05-26T22:18:18 IST" skipped="0">
  <testcase classname="pratice.Ketestkeyword" name="b" time="0.003"/>
  <system-out/>
  <testcase classname="pratice.Ketestkeyword" name="c" time="0.003"/>
  <system-out/>
  <testcase classname="pratice.Ketestkeyword" name="b" time="0.002"/>
  <system-out/>
  <testcase classname="pratice.Ketestkeyword" name="b" time="0.016"/>
  <system-out/>
  <testcase classname="pratice.Ketestkeyword" name="c" time="0.004"/>
  <system-out/>
  <testcase classname="pratice.Ketestkeyword" name="b" time="0.002"/>
  <system-out/>
  <testcase classname="pratice.Ketestkeyword" name="b" time="0.002"/>
  <system-out/>
  <testcase classname="pratice.Ketestkeyword" name="b" time="0.002"/>
  <system-out/>
  <testcase classname="pratice.Ketestkeyword" name="b" time="0.001"/>
  <system-out/>
  <testcase classname="pratice.Ketestkeyword" name="b" time="0.003"/>
  <system-out/>
  <testcase classname="pratice.Ketestkeyword" name="b" time="0.004"/>
  <system-out/>
  <testcase classname="pratice.Ketestkeyword" name="b" time="0.002"/>
  <system-out/>
</testsuite> <!-- pratice.Ketestkeyword -->
