<?xml version="1.0" encoding="UTF-8"?>
<!-- Generated by org.testng.reporters.JUnitReportReporter -->
<testsuite hostname="VAIO" failures="0" tests="5" name="TestNGkeywords.TestNgpriority" time="0.032" errors="0" timestamp="2022-06-02T11:09:51 IST" skipped="0">
  <testcase classname="TestNGkeywords.TestNgpriority" name="ppriority2" time="0.021"/>
  <system-out/>
  <testcase classname="TestNGkeywords.TestNgpriority" name="ppriority1" time="0.003"/>
  <system-out/>
  <testcase classname="TestNGkeywords.TestNgpriority" name="priority3" time="0.003"/>
  <system-out/>
  <testcase classname="TestNGkeywords.TestNgpriority" name="priority1" time="0.003"/>
  <system-out/>
  <testcase classname="TestNGkeywords.TestNgpriority" name="priority2" time="0.002"/>
  <system-out/>
</testsuite> <!-- TestNGkeywords.TestNgpriority -->
