<?xml version="1.0" encoding="UTF-8"?>
<!-- Generated by org.testng.reporters.JUnitReportReporter -->
<testsuite hostname="VAIO" failures="0" tests="6" name="pratice.TestNGkeyword" time="0.023" errors="0" timestamp="2022-06-02T11:09:51 IST" skipped="0">
  <testcase classname="pratice.TestNGkeyword" name="method6" time="0.003"/>
  <system-out/>
  <testcase classname="pratice.TestNGkeyword" name="method4" time="0.003"/>
  <system-out/>
  <testcase classname="pratice.TestNGkeyword" name="method5" time="0.006"/>
  <system-out/>
  <testcase classname="pratice.TestNGkeyword" name="method1" time="0.003"/>
  <system-out/>
  <testcase classname="pratice.TestNGkeyword" name="method3" time="0.005"/>
  <system-out/>
  <testcase classname="pratice.TestNGkeyword" name="method7" time="0.003"/>
  <system-out/>
</testsuite> <!-- pratice.TestNGkeyword -->
