<?xml version="1.0" encoding="UTF-8"?>
<!-- Generated by org.testng.reporters.JUnitReportReporter -->
<testsuite hostname="VAIO" failures="0" tests="1" name="com.sorcedemo.TESTcase.HpTC1" time="50.718" errors="0" timestamp="2022-06-02T11:09:50 IST" skipped="0">
  <testcase classname="com.sorcedemo.TESTcase.HpTC1" name="method" time="50.718"/>
  <system-out/>
</testsuite> <!-- com.sorcedemo.TESTcase.HpTC1 -->
