<?xml version="1.0" encoding="UTF-8"?>
<!-- Generated by org.testng.reporters.JUnitReportReporter -->
<testsuite hostname="VAIO" failures="0" tests="2" name="pratice.Timeout" time="0.008" errors="0" timestamp="2022-06-02T11:09:51 IST" skipped="0">
  <testcase classname="pratice.Timeout" name="m2" time="0.003"/>
  <system-out/>
  <testcase classname="pratice.Timeout" name="m1" time="0.005"/>
  <system-out/>
</testsuite> <!-- pratice.Timeout -->
