<?xml version="1.0" encoding="UTF-8"?>
<!-- Generated by org.testng.reporters.JUnitReportReporter -->
<testsuite hostname="VAIO" failures="0" tests="2" name="TestNG.Hardassertion" time="0.024" errors="0" timestamp="2022-06-02T11:09:51 IST" skipped="0">
  <testcase classname="TestNG.Hardassertion" name="method1" time="0.022"/>
  <system-out/>
  <testcase classname="TestNG.Hardassertion" name="method2" time="0.002"/>
  <system-out/>
</testsuite> <!-- TestNG.Hardassertion -->
