<?xml version="1.0" encoding="UTF-8"?>
<!-- Generated by org.testng.reporters.JUnitReportReporter -->
<testsuite hostname="VAIO" failures="0" tests="2" name="pratice.PratieceMethod" time="0.034" errors="0" timestamp="2022-06-02T11:25:10 IST" skipped="0">
  <testcase classname="pratice.PratieceMethod" name="validation2" time="0.009"/>
  <system-out/>
  <testcase classname="pratice.PratieceMethod" name="validation1" time="0.025"/>
  <system-out/>
</testsuite> <!-- pratice.PratieceMethod -->
