<?xml version="1.0" encoding="UTF-8"?>
<!-- Generated by org.testng.reporters.JUnitReportReporter -->
<testsuite hostname="VAIO" failures="0" tests="1" name="TestNG.p1" time="0.024" errors="0" timestamp="2022-05-26T21:26:53 IST" skipped="0">
  <testcase classname="TestNG.p1" name="method3" time="0.024"/>
  <system-out/>
</testsuite> <!-- TestNG.p1 -->
