<?xml version="1.0" encoding="UTF-8"?>
<!-- Generated by org.testng.reporters.JUnitReportReporter -->
<testsuite hostname="VAIO" failures="0" tests="6" name="TestNGkeywords.Timeout" time="0.024" errors="0" timestamp="2022-06-02T11:09:51 IST" skipped="0">
  <testcase classname="TestNGkeywords.Timeout" name="priority3" time="0.002"/>
  <system-out/>
  <testcase classname="TestNGkeywords.Timeout" name="priority2" time="0.001"/>
  <system-out/>
  <testcase classname="TestNGkeywords.Timeout" name="priority1" time="0.015"/>
  <system-out/>
  <testcase classname="TestNGkeywords.Timeout" name="priority3" time="0.002"/>
  <system-out/>
  <testcase classname="TestNGkeywords.Timeout" name="priority2" time="0.002"/>
  <system-out/>
  <testcase classname="TestNGkeywords.Timeout" name="priority3" time="0.002"/>
  <system-out/>
</testsuite> <!-- TestNGkeywords.Timeout -->
